<?xml version="1.0" encoding="UTF-8"?>
<testng-results skipped="0" failed="0" total="1" passed="1">
  <reporter-output>
  </reporter-output>
  <suite name="Espionage_Run" duration-ms="25773" started-at="2018-04-28T11:27:18Z" finished-at="2018-04-28T11:27:44Z">
    <groups>
    </groups>
    <test name="Espionage_HomePage" duration-ms="25773" started-at="2018-04-28T11:27:18Z" finished-at="2018-04-28T11:27:44Z">
      <class name="uk.gov.mi5.tests.Epionage_HomePgae_test">
        <test-method status="PASS" signature="initiate()[pri:0, instance:uk.gov.mi5.tests.Epionage_HomePgae_test@28f67ac7]" name="initiate" is-config="true" duration-ms="16627" started-at="2018-04-28T12:27:18Z" finished-at="2018-04-28T12:27:35Z">
          <reporter-output>
          </reporter-output>
        </test-method> <!-- initiate -->
        <test-method status="PASS" signature="epionage_HomePage()[pri:0, instance:uk.gov.mi5.tests.Epionage_HomePgae_test@28f67ac7]" name="epionage_HomePage" duration-ms="2293" started-at="2018-04-28T12:27:35Z" finished-at="2018-04-28T12:27:37Z">
          <reporter-output>
          </reporter-output>
        </test-method> <!-- epionage_HomePage -->
        <test-method status="PASS" signature="tearDown()[pri:0, instance:uk.gov.mi5.tests.Epionage_HomePgae_test@28f67ac7]" name="tearDown" is-config="true" duration-ms="5212" started-at="2018-04-28T12:27:37Z" finished-at="2018-04-28T12:27:43Z">
          <reporter-output>
          </reporter-output>
        </test-method> <!-- tearDown -->
        <test-method status="PASS" signature="notification()[pri:0, instance:uk.gov.mi5.tests.Epionage_HomePgae_test@28f67ac7]" name="notification" is-config="true" duration-ms="1591" started-at="2018-04-28T12:27:43Z" finished-at="2018-04-28T12:27:44Z">
          <reporter-output>
          </reporter-output>
        </test-method> <!-- notification -->
      </class> <!-- uk.gov.mi5.tests.Epionage_HomePgae_test -->
    </test> <!-- Espionage_HomePage -->
  </suite> <!-- Espionage_Run -->
</testng-results>
